<?xml version="1.0" encoding="UTF-8"?>
<testsuite xmlns:xsi="http://www.w3.org/2001/XMLSchema-instance" xsi:noNamespaceSchemaLocation="https://maven.apache.org/surefire/maven-surefire-plugin/xsd/surefire-test-report-3.0.xsd" version="3.0" name="com.omdbproxy.server.OmdbproxyApplicationTests" time="1.205" tests="1" errors="0" skipped="0" failures="0">
  <properties>
[...]
</properties>
  <testcase name="contextLoads" classname="com.omdbproxy.server.OmdbproxyApplicationTests" time="0.453">
    <system-out><![CDATA[10:31:56.926 [main] INFO org.springframework.test.context.support.AnnotationConfigContextLoaderUtils -- Could not detect default configuration classes for test class [com.omdbproxy.server.OmdbproxyApplicationTests]: OmdbproxyApplicationTests does not declare any static, non-private, non-final, nested classes annotated with @Configuration.
10:31:56.976 [main] INFO org.springframework.boot.test.context.SpringBootTestContextBootstrapper -- Found @SpringBootConfiguration com.omdbproxy.server.Main for test class com.omdbproxy.server.OmdbproxyApplicationTests

  .   ____          _            __ _ _
 /\\ / ___'_ __ _ _(_)_ __  __ _ \ \ \ \
( ( )\___ | '_ | '_| | '_ \/ _` | \ \ \ \
 \\/  ___)| |_)| | | | | || (_| |  ) ) ) )
  '  |____| .__|_| |_|_| |_\__, | / / / /
 =========|_|==============|___/=/_/_/_/
 :: Spring Boot ::                (v3.1.5)

2023-11-02T10:31:57.128+01:00  INFO 56043 --- [           main] c.o.server.OmdbproxyApplicationTests     : Starting OmdbproxyApplicationTests using Java 21 with PID 56043 (started by ramygouiaa in /Users/ramygouiaa/Documents/JavaProgramming/Spring/omdbproxy)
2023-11-02T10:31:57.128+01:00  INFO 56043 --- [           main] c.o.server.OmdbproxyApplicationTests     : No active profile set, falling back to 1 default profile: "default"
2023-11-02T10:31:57.584+01:00  INFO 56043 --- [           main] c.o.server.OmdbproxyApplicationTests     : Started OmdbproxyApplicationTests in 0.553 seconds (process running for 0.991)
]]></system-out>
    <system-err><![CDATA[WARNING: A Java agent has been loaded dynamically (/Users/ramygouiaa/.m2/repository/net/bytebuddy/byte-buddy-agent/1.14.9/byte-buddy-agent-1.14.9.jar)
WARNING: If a serviceability tool is in use, please run with -XX:+EnableDynamicAgentLoading to hide this warning
WARNING: If a serviceability tool is not in use, please run with -Djdk.instrument.traceUsage for more information
WARNING: Dynamic loading of agents will be disallowed by default in a future release
]]></system-err>
  </testcase>
</testsuite>